<?xml version="1.0" encoding="UTF-8"?>
<!-- Generated by org.testng.reporters.JUnitXMLReporter -->
<testsuite ignored="0" hostname="DESKTOP-Q3H0F4P" failures="0" tests="3" name="Surefire test" time="14.002" errors="0" timestamp="2023-04-13T11:26:31 IST">
  <testcase classname="tests.NoPOMTest" name="test_Home_Page_Appear_Correct" time="3.604"/>
  <testcase classname="tests.TestLogin" name="test_Home_Page_Appear_Correct" time="1.733"/>
  <testcase classname="tests.TestLoginWithPageFactory" name="test_Home_Page_Appear_Correct" time="1.799"/>
</testsuite> <!-- Surefire test -->
