<?xml version="1.0" encoding="UTF-8"?>
<testng-results ignored="0" total="3" passed="3" failed="0" skipped="0">
  <reporter-output>
  </reporter-output>
  <suite started-at="2023-04-13T11:26:16 IST" name="Surefire suite" finished-at="2023-04-13T11:26:30 IST" duration-ms="14002">
    <groups>
    </groups>
    <test started-at="2023-04-13T11:26:16 IST" name="Surefire test" finished-at="2023-04-13T11:26:30 IST" duration-ms="14002">
      <class name="tests.TestLoginWithPageFactory">
        <test-method is-config="true" signature="setup()[pri:0, instance:tests.TestLoginWithPageFactory@56de5251]" started-at="2023-04-13T11:26:21 IST" name="setup" finished-at="2023-04-13T11:26:23 IST" duration-ms="2661" status="PASS">
          <reporter-output>
          </reporter-output>
        </test-method> <!-- setup -->
        <test-method signature="test_Home_Page_Appear_Correct()[pri:0, instance:tests.TestLoginWithPageFactory@56de5251]" started-at="2023-04-13T11:26:29 IST" name="test_Home_Page_Appear_Correct" finished-at="2023-04-13T11:26:30 IST" duration-ms="1799" status="PASS">
          <reporter-output>
          </reporter-output>
        </test-method> <!-- test_Home_Page_Appear_Correct -->
      </class> <!-- tests.TestLoginWithPageFactory -->
      <class name="tests.TestLogin">
        <test-method is-config="true" signature="setup()[pri:0, instance:tests.TestLogin@163e4e87]" started-at="2023-04-13T11:26:16 IST" name="setup" finished-at="2023-04-13T11:26:21 IST" duration-ms="4133" status="PASS">
          <reporter-output>
          </reporter-output>
        </test-method> <!-- setup -->
        <test-method signature="test_Home_Page_Appear_Correct()[pri:0, instance:tests.TestLogin@163e4e87]" started-at="2023-04-13T11:26:27 IST" name="test_Home_Page_Appear_Correct" finished-at="2023-04-13T11:26:29 IST" duration-ms="1733" status="PASS">
          <reporter-output>
          </reporter-output>
        </test-method> <!-- test_Home_Page_Appear_Correct -->
      </class> <!-- tests.TestLogin -->
      <class name="tests.NoPOMTest">
        <test-method signature="test_Home_Page_Appear_Correct()[pri:0, instance:tests.NoPOMTest@4fe767f3]" started-at="2023-04-13T11:26:23 IST" name="test_Home_Page_Appear_Correct" finished-at="2023-04-13T11:26:27 IST" duration-ms="3604" status="PASS">
          <reporter-output>
          </reporter-output>
        </test-method> <!-- test_Home_Page_Appear_Correct -->
      </class> <!-- tests.NoPOMTest -->
    </test> <!-- Surefire test -->
  </suite> <!-- Surefire suite -->
</testng-results>
