<?xml version="1.0" encoding="UTF-8"?>
<testng-results ignored="0" total="1" passed="1" failed="0" skipped="0">
  <reporter-output>
  </reporter-output>
  <suite started-at="2023-04-11T10:45:49 IST" name="Default suite" finished-at="2023-04-11T10:45:53 IST" duration-ms="4331">
    <groups>
    </groups>
    <test started-at="2023-04-11T10:45:49 IST" name="Default test" finished-at="2023-04-11T10:45:53 IST" duration-ms="4331">
      <class name="tests.TestLoginWithPageFactory">
        <test-method is-config="true" signature="setup()[pri:0, instance:tests.TestLoginWithPageFactory@49139829]" started-at="2023-04-11T10:45:49 IST" name="setup" finished-at="2023-04-11T10:45:52 IST" duration-ms="3297" status="PASS">
          <reporter-output>
          </reporter-output>
        </test-method> <!-- setup -->
        <test-method signature="test_Home_Page_Appear_Correct()[pri:0, instance:tests.TestLoginWithPageFactory@49139829]" started-at="2023-04-11T10:45:52 IST" name="test_Home_Page_Appear_Correct" finished-at="2023-04-11T10:45:53 IST" duration-ms="994" status="PASS">
          <reporter-output>
          </reporter-output>
        </test-method> <!-- test_Home_Page_Appear_Correct -->
      </class> <!-- tests.TestLoginWithPageFactory -->
    </test> <!-- Default test -->
  </suite> <!-- Default suite -->
</testng-results>
